rider-app/build/intermediates/manifest_merge_blame_file/debug/manifest-merger-blame-debug-report.txt
1<?xml version="1.0" encoding="utf-8"?>
2<manifest xmlns:android="http://schemas.android.com/apk/res/android"
3    package="com.delivery.rider"
4    android:versionCode="1"
5    android:versionName="1.0.0" >
6
7    <uses-sdk
8        android:minSdkVersion="23"
9        android:targetSdkVersion="34" />
10
11    <!-- Permissions -->
12    <uses-permission android:name="android.permission.INTERNET" />
12-->src/main/AndroidManifest.xml:6:5-67
12-->src/main/AndroidManifest.xml:6:22-64
13    <uses-permission android:name="android.permission.ACCESS_FINE_LOCATION" />
13-->src/main/AndroidManifest.xml:7:5-79
13-->src/main/AndroidManifest.xml:7:22-76
14    <uses-permission android:name="android.permission.ACCESS_COARSE_LOCATION" />
14-->src/main/AndroidManifest.xml:8:5-81
14-->src/main/AndroidManifest.xml:8:22-78
15    <uses-permission android:name="android.permission.READ_EXTERNAL_STORAGE" />
15-->src/main/AndroidManifest.xml:9:5-80
15-->src/main/AndroidManifest.xml:9:22-77
16    <uses-permission android:name="android.permission.WRITE_EXTERNAL_STORAGE" />
16-->src/main/AndroidManifest.xml:10:5-81
16-->src/main/AndroidManifest.xml:10:22-78
17    <uses-permission android:name="android.permission.CAMERA" />
17-->src/main/AndroidManifest.xml:11:5-65
17-->src/main/AndroidManifest.xml:11:22-62
18    <uses-permission android:name="android.permission.FOREGROUND_SERVICE" />
18-->src/main/AndroidManifest.xml:12:5-77
18-->src/main/AndroidManifest.xml:12:22-74
19    <uses-permission android:name="android.permission.FOREGROUND_SERVICE_LOCATION" />
19-->src/main/AndroidManifest.xml:13:5-86
19-->src/main/AndroidManifest.xml:13:22-83
20    <uses-permission android:name="android.permission.POST_NOTIFICATIONS" />
20-->src/main/AndroidManifest.xml:14:5-77
20-->src/main/AndroidManifest.xml:14:22-74
21
22    <!-- Include required permissions for Google Maps API to run. -->
23    <uses-permission android:name="android.permission.ACCESS_NETWORK_STATE" />
23-->[com.google.android.gms:play-services-maps:18.2.0] AndroidManifest.xml:23:5-79
23-->[com.google.android.gms:play-services-maps:18.2.0] AndroidManifest.xml:23:22-76
24
25    <uses-feature
25-->[com.google.android.gms:play-services-maps:18.2.0] AndroidManifest.xml:26:5-28:35
26        android:glEsVersion="0x00020000"
26-->[com.google.android.gms:play-services-maps:18.2.0] AndroidManifest.xml:27:9-41
27        android:required="true" />
27-->[com.google.android.gms:play-services-maps:18.2.0] AndroidManifest.xml:28:9-32
28
29    <queries>
29-->[com.google.android.gms:play-services-maps:18.2.0] AndroidManifest.xml:30:5-34:15
30
31        <!-- Needs to be explicitly declared on Android R+ -->
32        <package android:name="com.google.android.apps.maps" />
32-->[com.google.android.gms:play-services-maps:18.2.0] AndroidManifest.xml:33:9-64
32-->[com.google.android.gms:play-services-maps:18.2.0] AndroidManifest.xml:33:18-61
33    </queries>
34
35    <uses-permission android:name="android.permission.WAKE_LOCK" /> <!-- Required by older versions of Google Play services to create IID tokens -->
35-->[com.google.firebase:firebase-messaging:23.2.1] AndroidManifest.xml:24:5-68
35-->[com.google.firebase:firebase-messaging:23.2.1] AndroidManifest.xml:24:22-65
36    <uses-permission android:name="com.google.android.c2dm.permission.RECEIVE" />
36-->[com.google.firebase:firebase-messaging:23.2.1] AndroidManifest.xml:26:5-82
36-->[com.google.firebase:firebase-messaging:23.2.1] AndroidManifest.xml:26:22-79
37
38    <permission
38-->[androidx.core:core:1.10.1] AndroidManifest.xml:22:5-24:47
39        android:name="com.delivery.rider.DYNAMIC_RECEIVER_NOT_EXPORTED_PERMISSION"
39-->[androidx.core:core:1.10.1] AndroidManifest.xml:23:9-81
40        android:protectionLevel="signature" />
40-->[androidx.core:core:1.10.1] AndroidManifest.xml:24:9-44
41
42    <uses-permission android:name="com.delivery.rider.DYNAMIC_RECEIVER_NOT_EXPORTED_PERMISSION" />
42-->[androidx.core:core:1.10.1] AndroidManifest.xml:26:5-97
42-->[androidx.core:core:1.10.1] AndroidManifest.xml:26:22-94
43
44    <application
44-->src/main/AndroidManifest.xml:16:5-67:19
45        android:name="com.delivery.rider.RiderApplication"
45-->src/main/AndroidManifest.xml:17:9-41
46        android:allowBackup="true"
46-->src/main/AndroidManifest.xml:18:9-35
47        android:appComponentFactory="androidx.core.app.CoreComponentFactory"
47-->[androidx.core:core:1.10.1] AndroidManifest.xml:28:18-86
48        android:dataExtractionRules="@xml/data_extraction_rules"
48-->src/main/AndroidManifest.xml:19:9-65
49        android:debuggable="true"
50        android:extractNativeLibs="false"
51        android:fullBackupContent="@xml/backup_rules"
51-->src/main/AndroidManifest.xml:20:9-54
52        android:icon="@mipmap/ic_launcher"
52-->src/main/AndroidManifest.xml:21:9-43
53        android:label="@string/app_name"
53-->src/main/AndroidManifest.xml:22:9-41
54        android:networkSecurityConfig="@xml/network_security_config"
54-->src/main/AndroidManifest.xml:26:9-69
55        android:supportsRtl="true"
55-->src/main/AndroidManifest.xml:23:9-35
56        android:theme="@style/Theme.RiderApp"
56-->src/main/AndroidManifest.xml:24:9-46
57        android:usesCleartextTraffic="true" >
57-->src/main/AndroidManifest.xml:25:9-44
58
59        <!-- Google Maps API Key -->
60        <meta-data
60-->src/main/AndroidManifest.xml:29:9-31:71
61            android:name="com.google.android.geo.API_KEY"
61-->src/main/AndroidManifest.xml:30:13-58
62            android:value="AIzaSyBplM3-vJV-H92Ej1lH6V8E8Yw1eVSrVhI" />
62-->src/main/AndroidManifest.xml:31:13-68
63
64        <!-- Splash screen (launcher) -->
65        <activity
65-->src/main/AndroidManifest.xml:34:9-42:20
66            android:name="com.delivery.rider.ui.auth.SplashActivity"
66-->src/main/AndroidManifest.xml:35:13-51
67            android:exported="true"
67-->src/main/AndroidManifest.xml:36:13-36
68            android:theme="@style/Theme.RiderApp.Splash" >
68-->src/main/AndroidManifest.xml:37:13-57
69            <intent-filter>
69-->src/main/AndroidManifest.xml:38:13-41:29
70                <action android:name="android.intent.action.MAIN" />
70-->src/main/AndroidManifest.xml:39:17-69
70-->src/main/AndroidManifest.xml:39:25-66
71
72                <category android:name="android.intent.category.LAUNCHER" />
72-->src/main/AndroidManifest.xml:40:17-77
72-->src/main/AndroidManifest.xml:40:27-74
73            </intent-filter>
74        </activity>
75        <activity
75-->src/main/AndroidManifest.xml:44:9-46:40
76            android:name="com.delivery.rider.ui.auth.LoginActivity"
76-->src/main/AndroidManifest.xml:45:13-50
77            android:exported="false" />
77-->src/main/AndroidManifest.xml:46:13-37
78        <activity
78-->src/main/AndroidManifest.xml:48:9-50:40
79            android:name="com.delivery.rider.ui.main.MainActivity"
79-->src/main/AndroidManifest.xml:49:13-49
80            android:exported="false" />
80-->src/main/AndroidManifest.xml:50:13-37
81
82        <!-- Firebase Cloud Messaging Service -->
83        <service
83-->src/main/AndroidManifest.xml:53:9-59:19
84            android:name="com.delivery.rider.service.RiderMessagingService"
84-->src/main/AndroidManifest.xml:54:13-58
85            android:exported="false" >
85-->src/main/AndroidManifest.xml:55:13-37
86            <intent-filter>
86-->src/main/AndroidManifest.xml:56:13-58:29
87                <action android:name="com.google.firebase.MESSAGING_EVENT" />
87-->src/main/AndroidManifest.xml:57:17-78
87-->src/main/AndroidManifest.xml:57:25-75
88            </intent-filter>
89        </service>
90
91        <!-- Location Service -->
92        <service
92-->src/main/AndroidManifest.xml:62:9-65:40
93            android:name="com.delivery.rider.service.LocationService"
93-->src/main/AndroidManifest.xml:63:13-52
94            android:exported="false"
94-->src/main/AndroidManifest.xml:65:13-37
95            android:foregroundServiceType="location" />
95-->src/main/AndroidManifest.xml:64:13-53
96
97        <!-- Needs to be explicitly declared on P+ -->
98        <uses-library
98-->[com.google.android.gms:play-services-maps:18.2.0] AndroidManifest.xml:39:9-41:40
99            android:name="org.apache.http.legacy"
99-->[com.google.android.gms:play-services-maps:18.2.0] AndroidManifest.xml:40:13-50
100            android:required="false" />
100-->[com.google.android.gms:play-services-maps:18.2.0] AndroidManifest.xml:41:13-37
101
102        <receiver
102-->[com.google.firebase:firebase-messaging:23.2.1] AndroidManifest.xml:29:9-36:20
103            android:name="com.google.firebase.iid.FirebaseInstanceIdReceiver"
103-->[com.google.firebase:firebase-messaging:23.2.1] AndroidManifest.xml:30:13-78
104            android:exported="true"
104-->[com.google.firebase:firebase-messaging:23.2.1] AndroidManifest.xml:31:13-36
105            android:permission="com.google.android.c2dm.permission.SEND" >
105-->[com.google.firebase:firebase-messaging:23.2.1] AndroidManifest.xml:32:13-73
106            <intent-filter>
106-->[com.google.firebase:firebase-messaging:23.2.1] AndroidManifest.xml:33:13-35:29
107                <action android:name="com.google.android.c2dm.intent.RECEIVE" />
107-->[com.google.firebase:firebase-messaging:23.2.1] AndroidManifest.xml:34:17-81
107-->[com.google.firebase:firebase-messaging:23.2.1] AndroidManifest.xml:34:25-78
108            </intent-filter>
109        </receiver>
110        <!--
111             FirebaseMessagingService performs security checks at runtime,
112             but set to not exported to explicitly avoid allowing another app to call it.
113        -->
114        <service
114-->[com.google.firebase:firebase-messaging:23.2.1] AndroidManifest.xml:42:9-49:19
115            android:name="com.google.firebase.messaging.FirebaseMessagingService"
115-->[com.google.firebase:firebase-messaging:23.2.1] AndroidManifest.xml:43:13-82
116            android:directBootAware="true"
116-->[com.google.firebase:firebase-messaging:23.2.1] AndroidManifest.xml:44:13-43
117            android:exported="false" >
117-->[com.google.firebase:firebase-messaging:23.2.1] AndroidManifest.xml:45:13-37
118            <intent-filter android:priority="-500" >
118-->src/main/AndroidManifest.xml:56:13-58:29
119                <action android:name="com.google.firebase.MESSAGING_EVENT" />
119-->src/main/AndroidManifest.xml:57:17-78
119-->src/main/AndroidManifest.xml:57:25-75
120            </intent-filter>
121        </service>
122        <service
122-->[com.google.firebase:firebase-messaging:23.2.1] AndroidManifest.xml:50:9-56:19
123            android:name="com.google.firebase.components.ComponentDiscoveryService"
123-->[com.google.firebase:firebase-messaging:23.2.1] AndroidManifest.xml:51:13-84
124            android:directBootAware="true"
124-->[com.google.firebase:firebase-common:20.3.1] AndroidManifest.xml:34:13-43
125            android:exported="false" >
125-->[com.google.firebase:firebase-messaging:23.2.1] AndroidManifest.xml:52:13-37
126            <meta-data
126-->[com.google.firebase:firebase-messaging:23.2.1] AndroidManifest.xml:53:13-55:85
127                android:name="com.google.firebase.components:com.google.firebase.messaging.FirebaseMessagingRegistrar"
127-->[com.google.firebase:firebase-messaging:23.2.1] AndroidManifest.xml:54:17-119
128                android:value="com.google.firebase.components.ComponentRegistrar" />
128-->[com.google.firebase:firebase-messaging:23.2.1] AndroidManifest.xml:55:17-82
129            <meta-data
129-->[com.google.firebase:firebase-datatransport:18.1.7] AndroidManifest.xml:27:13-29:85
130                android:name="com.google.firebase.components:com.google.firebase.datatransport.TransportRegistrar"
130-->[com.google.firebase:firebase-datatransport:18.1.7] AndroidManifest.xml:28:17-115
131                android:value="com.google.firebase.components.ComponentRegistrar" />
131-->[com.google.firebase:firebase-datatransport:18.1.7] AndroidManifest.xml:29:17-82
132            <meta-data
132-->[com.google.firebase:firebase-installations:17.1.3] AndroidManifest.xml:17:13-19:85
133                android:name="com.google.firebase.components:com.google.firebase.installations.FirebaseInstallationsRegistrar"
133-->[com.google.firebase:firebase-installations:17.1.3] AndroidManifest.xml:18:17-127
134                android:value="com.google.firebase.components.ComponentRegistrar" />
134-->[com.google.firebase:firebase-installations:17.1.3] AndroidManifest.xml:19:17-82
135        </service>
136
137        <activity
137-->[com.google.android.gms:play-services-base:18.1.0] AndroidManifest.xml:20:9-22:45
138            android:name="com.google.android.gms.common.api.GoogleApiActivity"
138-->[com.google.android.gms:play-services-base:18.1.0] AndroidManifest.xml:20:19-85
139            android:exported="false"
139-->[com.google.android.gms:play-services-base:18.1.0] AndroidManifest.xml:22:19-43
140            android:theme="@android:style/Theme.Translucent.NoTitleBar" />
140-->[com.google.android.gms:play-services-base:18.1.0] AndroidManifest.xml:21:19-78
141
142        <provider
142-->[com.google.firebase:firebase-common:20.3.1] AndroidManifest.xml:25:9-30:39
143            android:name="com.google.firebase.provider.FirebaseInitProvider"
143-->[com.google.firebase:firebase-common:20.3.1] AndroidManifest.xml:26:13-77
144            android:authorities="com.delivery.rider.firebaseinitprovider"
144-->[com.google.firebase:firebase-common:20.3.1] AndroidManifest.xml:27:13-72
145            android:directBootAware="true"
145-->[com.google.firebase:firebase-common:20.3.1] AndroidManifest.xml:28:13-43
146            android:exported="false"
146-->[com.google.firebase:firebase-common:20.3.1] AndroidManifest.xml:29:13-37
147            android:initOrder="100" />
147-->[com.google.firebase:firebase-common:20.3.1] AndroidManifest.xml:30:13-36
148
149        <meta-data
149-->[com.google.android.gms:play-services-basement:18.1.0] AndroidManifest.xml:21:9-23:69
150            android:name="com.google.android.gms.version"
150-->[com.google.android.gms:play-services-basement:18.1.0] AndroidManifest.xml:22:13-58
151            android:value="@integer/google_play_services_version" />
151-->[com.google.android.gms:play-services-basement:18.1.0] AndroidManifest.xml:23:13-66
152
153        <provider
153-->[androidx.emoji2:emoji2:1.2.0] AndroidManifest.xml:24:9-32:20
154            android:name="androidx.startup.InitializationProvider"
154-->[androidx.emoji2:emoji2:1.2.0] AndroidManifest.xml:25:13-67
155            android:authorities="com.delivery.rider.androidx-startup"
155-->[androidx.emoji2:emoji2:1.2.0] AndroidManifest.xml:26:13-68
156            android:exported="false" >
156-->[androidx.emoji2:emoji2:1.2.0] AndroidManifest.xml:27:13-37
157            <meta-data
157-->[androidx.emoji2:emoji2:1.2.0] AndroidManifest.xml:29:13-31:52
158                android:name="androidx.emoji2.text.EmojiCompatInitializer"
158-->[androidx.emoji2:emoji2:1.2.0] AndroidManifest.xml:30:17-75
159                android:value="androidx.startup" />
159-->[androidx.emoji2:emoji2:1.2.0] AndroidManifest.xml:31:17-49
160            <meta-data
160-->[androidx.lifecycle:lifecycle-process:2.6.1] AndroidManifest.xml:29:13-31:52
161                android:name="androidx.lifecycle.ProcessLifecycleInitializer"
161-->[androidx.lifecycle:lifecycle-process:2.6.1] AndroidManifest.xml:30:17-78
162                android:value="androidx.startup" />
162-->[androidx.lifecycle:lifecycle-process:2.6.1] AndroidManifest.xml:31:17-49
163            <meta-data
163-->[androidx.profileinstaller:profileinstaller:1.3.0] AndroidManifest.xml:29:13-31:52
164                android:name="androidx.profileinstaller.ProfileInstallerInitializer"
164-->[androidx.profileinstaller:profileinstaller:1.3.0] AndroidManifest.xml:30:17-85
165                android:value="androidx.startup" />
165-->[androidx.profileinstaller:profileinstaller:1.3.0] AndroidManifest.xml:31:17-49
166        </provider>
167
168        <uses-library
168-->[androidx.window:window:1.0.0] AndroidManifest.xml:25:9-27:40
169            android:name="androidx.window.extensions"
169-->[androidx.window:window:1.0.0] AndroidManifest.xml:26:13-54
170            android:required="false" />
170-->[androidx.window:window:1.0.0] AndroidManifest.xml:27:13-37
171        <uses-library
171-->[androidx.window:window:1.0.0] AndroidManifest.xml:28:9-30:40
172            android:name="androidx.window.sidecar"
172-->[androidx.window:window:1.0.0] AndroidManifest.xml:29:13-51
173            android:required="false" />
173-->[androidx.window:window:1.0.0] AndroidManifest.xml:30:13-37
174
175        <service
175-->[com.google.android.datatransport:transport-backend-cct:3.1.8] AndroidManifest.xml:28:9-34:19
176            android:name="com.google.android.datatransport.runtime.backends.TransportBackendDiscovery"
176-->[com.google.android.datatransport:transport-backend-cct:3.1.8] AndroidManifest.xml:29:13-103
177            android:exported="false" >
177-->[com.google.android.datatransport:transport-backend-cct:3.1.8] AndroidManifest.xml:30:13-37
178            <meta-data
178-->[com.google.android.datatransport:transport-backend-cct:3.1.8] AndroidManifest.xml:31:13-33:39
179                android:name="backend:com.google.android.datatransport.cct.CctBackendFactory"
179-->[com.google.android.datatransport:transport-backend-cct:3.1.8] AndroidManifest.xml:32:17-94
180                android:value="cct" />
180-->[com.google.android.datatransport:transport-backend-cct:3.1.8] AndroidManifest.xml:33:17-36
181        </service>
182        <service
182-->[com.google.android.datatransport:transport-runtime:3.1.8] AndroidManifest.xml:26:9-30:19
183            android:name="com.google.android.datatransport.runtime.scheduling.jobscheduling.JobInfoSchedulerService"
183-->[com.google.android.datatransport:transport-runtime:3.1.8] AndroidManifest.xml:27:13-117
184            android:exported="false"
184-->[com.google.android.datatransport:transport-runtime:3.1.8] AndroidManifest.xml:28:13-37
185            android:permission="android.permission.BIND_JOB_SERVICE" >
185-->[com.google.android.datatransport:transport-runtime:3.1.8] AndroidManifest.xml:29:13-69
186        </service>
187
188        <receiver
188-->[com.google.android.datatransport:transport-runtime:3.1.8] AndroidManifest.xml:32:9-34:40
189            android:name="com.google.android.datatransport.runtime.scheduling.jobscheduling.AlarmManagerSchedulerBroadcastReceiver"
189-->[com.google.android.datatransport:transport-runtime:3.1.8] AndroidManifest.xml:33:13-132
190            android:exported="false" />
190-->[com.google.android.datatransport:transport-runtime:3.1.8] AndroidManifest.xml:34:13-37
191        <receiver
191-->[androidx.profileinstaller:profileinstaller:1.3.0] AndroidManifest.xml:34:9-52:20
192            android:name="androidx.profileinstaller.ProfileInstallReceiver"
192-->[androidx.profileinstaller:profileinstaller:1.3.0] AndroidManifest.xml:35:13-76
193            android:directBootAware="false"
193-->[androidx.profileinstaller:profileinstaller:1.3.0] AndroidManifest.xml:36:13-44
194            android:enabled="true"
194-->[androidx.profileinstaller:profileinstaller:1.3.0] AndroidManifest.xml:37:13-35
195            android:exported="true"
195-->[androidx.profileinstaller:profileinstaller:1.3.0] AndroidManifest.xml:38:13-36
196            android:permission="android.permission.DUMP" >
196-->[androidx.profileinstaller:profileinstaller:1.3.0] AndroidManifest.xml:39:13-57
197            <intent-filter>
197-->[androidx.profileinstaller:profileinstaller:1.3.0] AndroidManifest.xml:40:13-42:29
198                <action android:name="androidx.profileinstaller.action.INSTALL_PROFILE" />
198-->[androidx.profileinstaller:profileinstaller:1.3.0] AndroidManifest.xml:41:17-91
198-->[androidx.profileinstaller:profileinstaller:1.3.0] AndroidManifest.xml:41:25-88
199            </intent-filter>
200            <intent-filter>
200-->[androidx.profileinstaller:profileinstaller:1.3.0] AndroidManifest.xml:43:13-45:29
201                <action android:name="androidx.profileinstaller.action.SKIP_FILE" />
201-->[androidx.profileinstaller:profileinstaller:1.3.0] AndroidManifest.xml:44:17-85
201-->[androidx.profileinstaller:profileinstaller:1.3.0] AndroidManifest.xml:44:25-82
202            </intent-filter>
203            <intent-filter>
203-->[androidx.profileinstaller:profileinstaller:1.3.0] AndroidManifest.xml:46:13-48:29
204                <action android:name="androidx.profileinstaller.action.SAVE_PROFILE" />
204-->[androidx.profileinstaller:profileinstaller:1.3.0] AndroidManifest.xml:47:17-88
204-->[androidx.profileinstaller:profileinstaller:1.3.0] AndroidManifest.xml:47:25-85
205            </intent-filter>
206            <intent-filter>
206-->[androidx.profileinstaller:profileinstaller:1.3.0] AndroidManifest.xml:49:13-51:29
207                <action android:name="androidx.profileinstaller.action.BENCHMARK_OPERATION" />
207-->[androidx.profileinstaller:profileinstaller:1.3.0] AndroidManifest.xml:50:17-95
207-->[androidx.profileinstaller:profileinstaller:1.3.0] AndroidManifest.xml:50:25-92
208            </intent-filter>
209        </receiver>
210    </application>
211
212</manifest>